<?xml version="1.0" encoding="UTF-8"?>
<coverage generated="1761258941626" clover="3.2.0">
  <project timestamp="1761258941626" name="All files">
    <metrics statements="26" coveredstatements="26" conditionals="0" coveredconditionals="0" methods="6" coveredmethods="6" elements="32" coveredelements="32" complexity="0" loc="26" ncloc="26" packages="1" files="1" classes="1"/>
    <file name="s3.stack.ts" path="/Users/cavera/projects/public/redact-pii/packages/infrastructure/src/lib/s3.stack.ts">
      <metrics statements="26" coveredstatements="26" conditionals="0" coveredconditionals="0" methods="6" coveredmethods="6"/>
      <line num="1" count="1" type="stmt"/>
      <line num="2" count="1" type="stmt"/>
      <line num="12" count="1" type="stmt"/>
      <line num="27" count="1" type="stmt"/>
      <line num="29" count="1" type="stmt"/>
      <line num="30" count="1" type="stmt"/>
      <line num="32" count="1" type="stmt"/>
      <line num="33" count="1" type="stmt"/>
      <line num="34" count="1" type="stmt"/>
      <line num="35" count="1" type="stmt"/>
      <line num="36" count="1" type="stmt"/>
      <line num="45" count="1" type="stmt"/>
      <line num="50" count="1" type="stmt"/>
      <line num="57" count="1" type="stmt"/>
      <line num="65" count="1" type="stmt"/>
      <line num="72" count="1" type="stmt"/>
      <line num="73" count="1" type="stmt"/>
      <line num="74" count="1" type="stmt"/>
      <line num="75" count="1" type="stmt"/>
      <line num="77" count="1" type="stmt"/>
      <line num="127" count="1" type="stmt"/>
      <line num="134" count="1" type="stmt"/>
      <line num="136" count="1" type="stmt"/>
      <line num="143" count="1" type="stmt"/>
      <line num="169" count="1" type="stmt"/>
      <line num="174" count="1" type="stmt"/>
    </file>
  </project>
</coverage>
