{"/Users/cavera/projects/public/redact-pii/packages/infrastructure/src/lib/s3.stack.ts": {"path":"/Users/cavera/projects/public/redact-pii/packages/infrastructure/src/lib/s3.stack.ts","statementMap":{"0":{"start":{"line":1,"column":0},"end":{"line":1,"column":28}},"1":{"start":{"line":2,"column":0},"end":{"line":2,"column":34}},"2":{"start":{"line":27,"column":4},"end":{"line":27,"column":null}},"3":{"start":{"line":29,"column":4},"end":{"line":29,"column":null}},"4":{"start":{"line":30,"column":4},"end":{"line":30,"column":null}},"5":{"start":{"line":32,"column":4},"end":{"line":32,"column":null}},"6":{"start":{"line":33,"column":4},"end":{"line":33,"column":null}},"7":{"start":{"line":34,"column":4},"end":{"line":34,"column":null}},"8":{"start":{"line":35,"column":4},"end":{"line":35,"column":null}},"9":{"start":{"line":36,"column":4},"end":{"line":36,"column":null}},"10":{"start":{"line":45,"column":19},"end":{"line":48,"column":6}},"11":{"start":{"line":50,"column":4},"end":{"line":50,"column":null}},"12":{"start":{"line":57,"column":24},"end":{"line":63,"column":null}},"13":{"start":{"line":65,"column":4},"end":{"line":65,"column":null}},"14":{"start":{"line":72,"column":25},"end":{"line":72,"column":52}},"15":{"start":{"line":73,"column":24},"end":{"line":73,"column":73}},"16":{"start":{"line":74,"column":23},"end":{"line":74,"column":26}},"17":{"start":{"line":75,"column":21},"end":{"line":75,"column":23}},"18":{"start":{"line":77,"column":69},"end":{"line":125,"column":null}},"19":{"start":{"line":127,"column":17},"end":{"line":130,"column":null}},"20":{"start":{"line":134,"column":4},"end":{"line":134,"column":null}},"21":{"start":{"line":136,"column":4},"end":{"line":136,"column":null}},"22":{"start":{"line":143,"column":4},"end":{"line":162,"column":null}},"23":{"start":{"line":169,"column":4},"end":{"line":172,"column":null}},"24":{"start":{"line":174,"column":4},"end":{"line":177,"column":null}},"25":{"start":{"line":12,"column":0},"end":{"line":12,"column":13}}},"fnMap":{"0":{"name":"(anonymous_9)","decl":{"start":{"line":26,"column":2},"end":{"line":26,"column":14}},"loc":{"start":{"line":26,"column":74},"end":{"line":37,"column":3}}},"1":{"name":"(anonymous_10)","decl":{"start":{"line":43,"column":10},"end":{"line":43,"column":22}},"loc":{"start":{"line":43,"column":22},"end":{"line":51,"column":3}}},"2":{"name":"(anonymous_11)","decl":{"start":{"line":56,"column":10},"end":{"line":56,"column":27}},"loc":{"start":{"line":56,"column":27},"end":{"line":66,"column":3}}},"3":{"name":"(anonymous_12)","decl":{"start":{"line":71,"column":10},"end":{"line":71,"column":22}},"loc":{"start":{"line":71,"column":22},"end":{"line":137,"column":3}}},"4":{"name":"(anonymous_13)","decl":{"start":{"line":142,"column":10},"end":{"line":142,"column":39}},"loc":{"start":{"line":142,"column":39},"end":{"line":163,"column":3}}},"5":{"name":"(anonymous_14)","decl":{"start":{"line":168,"column":10},"end":{"line":168,"column":25}},"loc":{"start":{"line":168,"column":25},"end":{"line":178,"column":3}}}},"branchMap":{},"s":{"0":1,"1":1,"2":1,"3":1,"4":1,"5":1,"6":1,"7":1,"8":1,"9":1,"10":1,"11":1,"12":1,"13":1,"14":1,"15":1,"16":1,"17":1,"18":1,"19":1,"20":1,"21":1,"22":1,"23":1,"24":1,"25":1},"f":{"0":1,"1":1,"2":1,"3":1,"4":1,"5":1},"b":{}}
}
