TN:
SF:src/lib/s3.stack.ts
FN:26,(anonymous_9)
FN:43,(anonymous_10)
FN:56,(anonymous_11)
FN:71,(anonymous_12)
FN:142,(anonymous_13)
FN:168,(anonymous_14)
FNF:6
FNH:6
FNDA:1,(anonymous_9)
FNDA:1,(anonymous_10)
FNDA:1,(anonymous_11)
FNDA:1,(anonymous_12)
FNDA:1,(anonymous_13)
FNDA:1,(anonymous_14)
DA:1,1
DA:2,1
DA:12,1
DA:27,1
DA:29,1
DA:30,1
DA:32,1
DA:33,1
DA:34,1
DA:35,1
DA:36,1
DA:45,1
DA:50,1
DA:57,1
DA:65,1
DA:72,1
DA:73,1
DA:74,1
DA:75,1
DA:77,1
DA:127,1
DA:134,1
DA:136,1
DA:143,1
DA:169,1
DA:174,1
LF:26
LH:26
BRF:0
BRH:0
end_of_record
